TN:
SF:src/app.ts
FN:24,createApp
FNF:1
FNH:1
FNDA:4,createApp
DA:1,1
DA:2,1
DA:3,1
DA:4,1
DA:5,1
DA:6,1
DA:7,1
DA:9,1
DA:10,1
DA:24,1
DA:25,4
DA:26,4
DA:27,4
DA:28,4
DA:29,4
DA:30,2
DA:31,4
DA:33,4
DA:34,4
DA:35,4
DA:36,4
DA:38,4
DA:39,2
DA:40,2
DA:41,2
DA:42,1
DA:43,1
DA:44,1
DA:45,1
DA:46,1
DA:47,1
DA:48,1
DA:49,2
DA:50,2
DA:51,1
DA:52,2
DA:53,4
DA:55,4
DA:56,1
DA:57,1
DA:58,1
DA:59,1
DA:60,1
DA:61,1
DA:62,1
DA:63,1
DA:64,4
DA:66,4
DA:67,4
DA:69,4
DA:70,4
LF:51
LH:51
BRDA:24,0,0,4
BRDA:26,1,0,0
BRDA:27,2,0,1
BRDA:29,3,0,2
BRDA:31,4,0,1
BRDA:38,5,0,2
BRDA:41,6,0,1
BRDA:50,7,0,1
BRDA:55,8,0,1
BRF:9
BRH:8
end_of_record
TN:
SF:src/config.ts
FN:5,normalizeDataStore
FN:12,loadEnvOnce
FN:18,parseCacheTtlSeconds
FN:24,getConfig
FNF:4
FNH:4
FNDA:7,normalizeDataStore
FNDA:7,loadEnvOnce
FNDA:7,parseCacheTtlSeconds
FNDA:7,getConfig
DA:1,1
DA:5,7
DA:6,7
DA:7,7
DA:8,7
DA:9,7
DA:11,1
DA:12,7
DA:13,7
DA:14,3
DA:15,3
DA:16,3
DA:18,7
DA:19,7
DA:20,7
DA:21,7
DA:22,7
DA:24,1
DA:25,7
DA:26,7
DA:27,7
DA:28,7
DA:29,7
DA:30,7
DA:31,7
DA:32,7
DA:33,7
DA:34,7
DA:35,7
DA:36,7
DA:37,7
DA:38,7
DA:39,7
DA:40,7
DA:41,7
DA:42,7
DA:43,7
DA:44,7
LF:38
LH:38
BRDA:5,0,0,7
BRDA:6,1,0,0
BRDA:7,2,0,0
BRDA:12,3,0,7
BRDA:13,4,0,6
BRDA:13,5,0,4
BRDA:13,6,0,3
BRDA:18,7,0,7
BRDA:19,8,0,0
BRDA:20,9,0,0
BRDA:24,10,0,7
BRDA:28,11,0,0
BRDA:36,12,0,0
BRDA:37,13,0,0
BRDA:38,14,0,0
BRDA:39,15,0,0
BRDA:40,16,0,0
BRF:17
BRH:7
end_of_record
TN:
SF:src/loadEnv.ts
FN:11,loadEnv
FNF:1
FNH:1
FNDA:3,loadEnv
DA:1,1
DA:2,1
DA:3,1
DA:4,1
DA:6,1
DA:11,1
DA:12,3
DA:13,3
DA:15,3
DA:16,3
DA:18,3
DA:19,3
DA:20,3
DA:21,3
DA:22,0
DA:23,0
DA:24,3
LF:17
LH:15
BRDA:11,0,0,3
BRDA:21,1,0,0
BRF:2
BRH:1
end_of_record
TN:
SF:src/cache/TtlCache.ts
FN:10,<instance_members_initializer>
FN:13,TtlCache
FN:15,get
FN:25,set
FN:32,delete
FN:36,clear
FNF:6
FNH:6
FNDA:21,<instance_members_initializer>
FNDA:21,TtlCache
FNDA:18,get
FNDA:22,set
FNDA:1,delete
FNDA:6,clear
DA:10,1
DA:11,21
DA:13,21
DA:15,21
DA:16,18
DA:17,18
DA:18,18
DA:19,1
DA:20,1
DA:21,1
DA:22,5
DA:23,18
DA:25,21
DA:26,22
DA:27,22
DA:28,22
DA:29,22
DA:30,22
DA:32,21
DA:33,1
DA:34,1
DA:36,21
DA:37,6
DA:38,6
DA:39,21
LF:25
LH:25
BRDA:10,0,0,21
BRDA:13,1,0,21
BRDA:15,2,0,18
BRDA:17,3,0,17
BRDA:17,4,0,12
BRDA:17,5,0,6
BRDA:18,6,0,1
BRDA:21,7,0,5
BRDA:25,8,0,22
BRDA:32,9,0,1
BRDA:36,10,0,6
BRF:11
BRH:11
end_of_record
TN:
SF:src/db/databricksClient.ts
FN:17,missingDatabricksEnv
FN:27,createDatabricksClient
FN:32,getClient
FN:50,ping
FN:54,query
FN:76,close
FN:88,getSharedDatabricksClient
FN:95,resetSharedDatabricksClient
FNF:8
FNH:7
FNDA:2,missingDatabricksEnv
FNDA:2,createDatabricksClient
FNDA:3,getClient
FNDA:1,ping
FNDA:3,query
FNDA:1,close
FNDA:0,getSharedDatabricksClient
FNDA:4,resetSharedDatabricksClient
DA:1,1
DA:17,2
DA:18,2
DA:19,2
DA:20,2
DA:21,2
DA:22,2
DA:23,2
DA:24,2
DA:25,2
DA:27,1
DA:28,2
DA:29,2
DA:30,2
DA:32,2
DA:33,3
DA:34,1
DA:35,1
DA:36,3
DA:37,1
DA:38,1
DA:39,1
DA:40,1
DA:41,1
DA:42,1
DA:43,1
DA:44,1
DA:45,1
DA:46,1
DA:47,3
DA:49,2
DA:50,2
DA:51,1
DA:52,1
DA:54,2
DA:55,3
DA:56,3
DA:57,3
DA:58,3
DA:59,2
DA:60,2
DA:61,2
DA:62,2
DA:63,2
DA:64,3
DA:65,3
DA:66,2
DA:67,2
DA:68,2
DA:69,2
DA:70,2
DA:71,3
DA:72,2
DA:73,2
DA:74,3
DA:76,2
DA:77,1
DA:78,1
DA:79,1
DA:80,1
DA:81,1
DA:82,1
DA:83,2
DA:84,2
DA:86,1
DA:88,1
DA:89,0
DA:90,0
DA:91,0
DA:92,0
DA:93,0
DA:95,1
DA:96,4
DA:97,4
LF:74
LH:69
BRDA:17,0,0,2
BRDA:19,1,0,0
BRDA:20,2,0,0
BRDA:21,3,0,1
BRDA:22,4,0,0
BRDA:23,5,0,0
BRDA:27,6,0,2
BRDA:32,7,0,3
BRDA:33,8,0,1
BRDA:35,9,0,2
BRDA:36,10,0,1
BRDA:50,11,0,1
BRDA:54,12,0,3
BRDA:58,13,0,2
BRDA:64,14,0,1
BRDA:64,15,0,1
BRDA:65,16,0,2
BRDA:71,17,0,2
BRDA:76,18,0,1
BRDA:95,19,0,4
BRF:20
BRH:16
end_of_record
TN:
SF:src/db/tableRef.ts
FN:4,rulesTableRef
FNF:1
FNH:1
FNDA:6,rulesTableRef
DA:4,1
DA:5,6
DA:6,6
DA:7,6
DA:8,1
DA:9,1
DA:10,5
DA:11,5
LF:8
LH:8
BRDA:4,0,0,6
BRDA:7,1,0,5
BRDA:7,2,0,5
BRDA:7,3,0,1
BRF:4
BRH:4
end_of_record
TN:
SF:src/errors/httpErrors.ts
FN:2,HttpError
FN:13,NotFoundError
FN:20,ValidationError
FN:27,ConflictError
FNF:4
FNH:4
FNDA:28,HttpError
FNDA:8,NotFoundError
FNDA:17,ValidationError
FNDA:1,ConflictError
DA:1,1
DA:2,1
DA:3,28
DA:4,28
DA:5,28
DA:6,28
DA:7,28
DA:8,28
DA:9,28
DA:10,1
DA:12,1
DA:13,1
DA:14,8
DA:15,8
DA:16,8
DA:17,1
DA:19,1
DA:20,1
DA:21,17
DA:22,17
DA:23,17
DA:24,1
DA:26,1
DA:27,1
DA:28,1
DA:29,1
DA:30,1
DA:31,1
LF:28
LH:28
BRDA:2,0,0,28
BRDA:13,1,0,8
BRDA:20,2,0,17
BRDA:27,3,0,1
BRF:4
BRH:4
end_of_record
TN:
SF:src/middleware/asyncHandler.ts
FN:5,asyncHandler
FNF:1
FNH:1
FNDA:24,asyncHandler
DA:5,1
DA:6,24
DA:7,17
DA:8,17
DA:9,24
LF:5
LH:5
BRDA:5,0,0,24
BRDA:6,1,0,17
BRF:2
BRH:2
end_of_record
TN:
SF:src/middleware/cacheControl.ts
FN:7,cacheControl
FN:9,header
FN:21,jsonWithCache
FNF:3
FNH:3
FNDA:6,cacheControl
FNDA:1,header
FNDA:9,jsonWithCache
DA:7,1
DA:8,6
DA:9,1
DA:10,1
DA:12,5
DA:14,5
DA:15,21
DA:16,12
DA:17,12
DA:18,12
DA:20,9
DA:21,9
DA:22,9
DA:23,5
DA:24,5
DA:25,9
DA:26,9
DA:28,9
DA:29,21
DA:30,5
LF:20
LH:20
BRDA:7,0,0,6
BRDA:8,1,0,5
BRDA:8,2,0,1
BRDA:9,3,0,1
BRDA:14,4,0,21
BRDA:15,5,0,12
BRDA:18,6,0,9
BRDA:21,7,0,9
BRDA:22,8,0,5
BRF:9
BRH:9
end_of_record
TN:
SF:src/middleware/errorHandler.ts
FN:4,errorHandler
FNF:1
FNH:1
FNDA:10,errorHandler
DA:2,1
DA:4,1
DA:5,10
DA:6,10
DA:7,10
DA:8,10
DA:9,10
DA:10,10
DA:11,9
DA:12,9
DA:13,9
DA:14,9
DA:15,9
DA:16,9
DA:17,9
DA:18,9
DA:20,1
DA:21,1
DA:22,1
DA:23,1
DA:24,1
DA:25,1
DA:26,1
DA:27,1
LF:24
LH:24
BRDA:4,0,0,10
BRDA:10,1,0,9
BRDA:18,2,0,1
BRF:3
BRH:3
end_of_record
TN:
SF:src/repositories/cachingRulesRepository.ts
FN:8,idKey
FN:20,createCachingRulesRepository
FN:27,invalidateList
FN:31,invalidateId
FN:36,invalidateAll
FN:42,findAll
FN:54,findById
FN:65,create
FN:72,replace
FN:79,update
FN:86,delete
FNF:11
FNH:10
FNDA:20,idKey
FNDA:9,createCachingRulesRepository
FNDA:1,invalidateList
FNDA:1,invalidateId
FNDA:2,invalidateAll
FNDA:8,findAll
FNDA:6,findById
FNDA:1,create
FNDA:0,replace
FNDA:1,update
FNDA:1,delete
DA:1,1
DA:6,1
DA:8,20
DA:9,20
DA:10,20
DA:20,1
DA:21,9
DA:22,9
DA:23,9
DA:24,9
DA:25,9
DA:27,9
DA:28,1
DA:29,1
DA:31,9
DA:32,1
DA:33,1
DA:34,1
DA:36,9
DA:37,2
DA:38,2
DA:39,2
DA:41,9
DA:42,9
DA:43,8
DA:44,8
DA:46,6
DA:47,6
DA:48,7
DA:49,8
DA:50,8
DA:51,6
DA:52,8
DA:54,9
DA:55,6
DA:56,6
DA:58,5
DA:59,6
DA:60,3
DA:61,3
DA:62,5
DA:63,6
DA:65,9
DA:66,1
DA:67,1
DA:68,1
DA:69,1
DA:70,1
DA:72,9
DA:73,0
DA:74,0
DA:75,0
DA:76,0
DA:77,0
DA:79,9
DA:80,1
DA:81,1
DA:82,1
DA:83,1
DA:84,1
DA:86,9
DA:87,1
DA:88,1
DA:89,1
DA:90,1
DA:91,1
DA:92,1
DA:93,9
DA:94,9
LF:69
LH:64
BRDA:8,0,0,20
BRDA:20,1,0,9
BRDA:27,2,0,1
BRDA:31,3,0,1
BRDA:36,4,0,2
BRDA:42,5,0,8
BRDA:44,6,0,7
BRDA:44,7,0,2
BRDA:44,8,0,6
BRDA:48,9,0,8
BRDA:50,10,0,6
BRDA:54,11,0,6
BRDA:56,12,0,1
BRDA:56,13,0,5
BRDA:59,14,0,3
BRDA:61,15,0,5
BRDA:65,16,0,1
BRDA:79,17,0,1
BRDA:86,18,0,1
BRF:19
BRH:19
end_of_record
TN:
SF:src/repositories/createRulesRepository.ts
FN:18,createRulesRepository
FNF:1
FNH:1
FNDA:3,createRulesRepository
DA:2,1
DA:3,1
DA:5,1
DA:6,1
DA:18,1
DA:19,3
DA:20,3
DA:21,3
DA:22,3
DA:23,3
DA:24,3
DA:25,0
DA:26,3
DA:28,3
DA:29,3
DA:30,3
DA:32,3
DA:33,2
DA:34,2
DA:35,1
DA:36,1
LF:21
LH:20
BRDA:18,0,0,3
BRDA:24,1,0,0
BRDA:29,2,0,2
BRDA:32,3,0,2
BRDA:32,4,0,2
BRDA:34,5,0,1
BRF:6
BRH:5
end_of_record
TN:
SF:src/repositories/ruleRowMapper.ts
FN:11,pickField
FN:18,toApiTimestamp
FN:25,toNullableString
FN:30,toNullableInt
FN:36,toComparison
FN:45,toStatus
FN:56,mapRowToRuleFields
FN:72,mapRowToRule
FNF:8
FNH:8
FNDA:88,pickField
FNDA:16,toApiTimestamp
FNDA:24,toNullableString
FNDA:16,toNullableInt
FNDA:8,toComparison
FNDA:8,toStatus
FNDA:8,mapRowToRuleFields
FNDA:6,mapRowToRule
DA:1,1
DA:11,88
DA:12,88
DA:13,25
DA:14,88
DA:15,14
DA:16,14
DA:18,16
DA:19,16
DA:20,14
DA:21,0
DA:22,0
DA:23,0
DA:25,24
DA:26,24
DA:27,6
DA:28,6
DA:30,16
DA:31,16
DA:32,3
DA:33,16
DA:34,16
DA:36,8
DA:37,8
DA:38,3
DA:39,3
DA:40,3
DA:41,3
DA:42,0
DA:43,0
DA:45,8
DA:46,8
DA:47,8
DA:48,8
DA:49,8
DA:50,0
DA:51,0
DA:53,1
DA:54,1
DA:56,1
DA:57,8
DA:58,8
DA:59,8
DA:60,8
DA:61,8
DA:62,8
DA:63,8
DA:64,8
DA:65,8
DA:66,8
DA:67,8
DA:68,8
DA:69,8
DA:70,8
DA:72,1
DA:73,6
DA:74,6
LF:57
LH:50
BRDA:11,0,0,88
BRDA:12,1,0,63
BRDA:12,2,0,25
BRDA:14,3,0,11
BRDA:14,4,0,14
BRDA:18,5,0,16
BRDA:19,6,0,2
BRDA:19,7,0,14
BRDA:20,8,0,0
BRDA:25,9,0,24
BRDA:26,10,0,18
BRDA:26,11,0,6
BRDA:30,12,0,16
BRDA:31,13,0,3
BRDA:31,14,0,13
BRDA:31,15,0,3
BRDA:33,16,0,0
BRDA:36,17,0,8
BRDA:37,18,0,3
BRDA:37,19,0,5
BRDA:37,20,0,3
BRDA:41,21,0,0
BRDA:45,22,0,8
BRDA:46,23,0,2
BRDA:49,24,0,0
BRDA:56,25,0,8
BRDA:59,26,0,0
BRDA:72,27,0,6
BRF:28
BRH:23
end_of_record
TN:
SF:src/repositories/rulesRepository.ts
FN:62,createMemoryRulesRepository
FN:66,stamp
FN:79,findAll
FN:83,findById
FN:87,create
FN:91,replace
FN:104,update
FN:125,delete
FN:131,createDatabricksRulesRepository
FN:137,findNewestAfterInsert
FN:155,findAll
FN:162,findById
FN:171,create
FN:191,replace
FN:221,update
FN:237,delete
FNF:16
FNH:15
FNDA:12,createMemoryRulesRepository
FNDA:5,stamp
FNDA:4,findAll
FNDA:5,findById
FNDA:5,create
FNDA:5,replace
FNDA:3,update
FNDA:3,delete
FNDA:4,createDatabricksRulesRepository
FNDA:1,findNewestAfterInsert
FNDA:1,findAll
FNDA:4,findById
FNDA:1,create
FNDA:1,replace
FNDA:0,update
FNDA:2,delete
DA:2,1
DA:3,1
DA:7,1
DA:9,1
DA:20,1
DA:21,1
DA:22,1
DA:23,1
DA:24,1
DA:25,1
DA:26,1
DA:27,1
DA:28,1
DA:29,1
DA:30,1
DA:31,1
DA:32,1
DA:33,1
DA:34,1
DA:35,1
DA:36,1
DA:37,1
DA:38,1
DA:39,1
DA:40,1
DA:41,1
DA:42,1
DA:43,1
DA:44,1
DA:45,1
DA:46,1
DA:47,1
DA:48,1
DA:49,1
DA:50,1
DA:51,1
DA:52,1
DA:53,1
DA:54,1
DA:55,1
DA:56,1
DA:57,1
DA:58,1
DA:59,1
DA:60,1
DA:62,1
DA:63,12
DA:64,12
DA:66,12
DA:67,5
DA:68,5
DA:69,5
DA:70,5
DA:71,5
DA:72,5
DA:73,5
DA:74,5
DA:75,5
DA:76,5
DA:78,12
DA:79,12
DA:80,4
DA:81,4
DA:83,12
DA:84,5
DA:85,5
DA:87,12
DA:88,5
DA:89,5
DA:91,12
DA:92,5
DA:93,5
DA:94,3
DA:95,3
DA:96,3
DA:97,3
DA:98,3
DA:99,3
DA:100,3
DA:101,3
DA:102,5
DA:104,12
DA:105,3
DA:106,3
DA:107,3
DA:108,3
DA:109,3
DA:110,3
DA:111,3
DA:112,3
DA:113,3
DA:114,3
DA:115,3
DA:116,3
DA:117,3
DA:118,3
DA:119,3
DA:120,3
DA:121,3
DA:122,3
DA:123,3
DA:125,12
DA:126,3
DA:127,3
DA:128,12
DA:129,12
DA:131,1
DA:132,4
DA:133,4
DA:134,4
DA:135,4
DA:137,4
DA:138,1
DA:139,1
DA:143,1
DA:144,1
DA:145,1
DA:146,1
DA:147,1
DA:148,1
DA:149,0
DA:150,0
DA:151,1
DA:152,1
DA:154,4
DA:155,4
DA:156,1
DA:157,1
DA:158,1
DA:159,1
DA:160,1
DA:162,4
DA:163,4
DA:164,4
DA:165,4
DA:166,4
DA:167,4
DA:168,3
DA:169,4
DA:171,4
DA:172,1
DA:173,1
DA:177,1
DA:178,1
DA:179,1
DA:180,1
DA:181,1
DA:182,1
DA:183,1
DA:184,1
DA:185,1
DA:186,1
DA:187,1
DA:188,1
DA:189,1
DA:191,4
DA:192,1
DA:193,1
DA:194,1
DA:195,1
DA:206,1
DA:207,1
DA:208,1
DA:209,1
DA:210,1
DA:211,1
DA:212,1
DA:213,1
DA:214,1
DA:215,1
DA:216,1
DA:217,1
DA:218,1
DA:219,1
DA:221,4
DA:222,0
DA:223,0
DA:224,0
DA:225,0
DA:226,0
DA:227,0
DA:228,0
DA:229,0
DA:230,0
DA:231,0
DA:232,0
DA:233,0
DA:234,0
DA:235,0
DA:237,4
DA:238,2
DA:239,2
DA:240,1
DA:241,1
DA:242,2
DA:243,4
DA:244,4
LF:197
LH:181
BRDA:62,0,0,12
BRDA:63,1,0,36
BRDA:66,2,0,5
BRDA:79,3,0,4
BRDA:80,4,0,8
BRDA:83,5,0,5
BRDA:84,6,0,4
BRDA:87,7,0,5
BRDA:91,8,0,5
BRDA:93,9,0,4
BRDA:93,10,0,2
BRDA:93,11,0,3
BRDA:104,12,0,3
BRDA:106,13,0,0
BRDA:110,14,0,0
BRDA:111,15,0,0
BRDA:112,16,0,2
BRDA:112,17,0,1
BRDA:113,18,0,0
BRDA:114,19,0,0
BRDA:115,20,0,1
BRDA:115,21,0,2
BRDA:119,22,0,0
BRDA:125,23,0,3
BRDA:131,24,0,4
BRDA:137,25,0,1
BRDA:148,26,0,0
BRDA:155,27,0,1
BRDA:162,28,0,4
BRDA:167,29,0,1
BRDA:167,30,0,3
BRDA:171,31,0,1
BRDA:191,32,0,1
BRDA:193,33,0,0
BRDA:237,34,0,2
BRDA:239,35,0,1
BRF:36
BRH:28
end_of_record
TN:
SF:src/routes/rules.ts
FN:7,routeId
FN:13,createRulesRouter
FNF:2
FNH:2
FNDA:12,routeId
FNDA:4,createRulesRouter
DA:1,1
DA:2,1
DA:5,1
DA:7,12
DA:8,12
DA:9,12
DA:10,12
DA:11,12
DA:13,1
DA:14,4
DA:16,4
DA:17,4
DA:18,4
DA:19,1
DA:20,1
DA:21,4
DA:22,4
DA:24,4
DA:25,4
DA:26,4
DA:27,4
DA:28,1
DA:29,4
DA:30,4
DA:32,4
DA:33,4
DA:34,4
DA:35,4
DA:36,2
DA:37,4
DA:38,4
DA:40,4
DA:41,4
DA:42,4
DA:43,3
DA:44,2
DA:45,4
DA:46,4
DA:48,4
DA:49,4
DA:50,4
DA:51,3
DA:52,2
DA:53,4
DA:54,4
DA:56,4
DA:57,4
DA:58,4
DA:59,2
DA:60,1
DA:61,4
DA:62,4
DA:64,4
DA:65,4
LF:54
LH:54
BRDA:7,0,0,12
BRDA:9,1,0,0
BRDA:13,2,0,4
BRDA:18,3,0,1
BRDA:26,4,0,4
BRDA:27,5,0,1
BRDA:34,6,0,4
BRDA:35,7,0,2
BRDA:42,8,0,3
BRDA:43,9,0,2
BRDA:50,10,0,3
BRDA:51,11,0,2
BRDA:58,12,0,2
BRDA:59,13,0,1
BRF:14
BRH:13
end_of_record
TN:
SF:src/services/rulesService.ts
FN:21,toInsertPayload
FN:34,toMutableFields
FN:47,patchToMutableFields
FN:63,RulesService
FN:65,list
FN:69,getById
FN:75,create
FN:79,replace
FN:85,patch
FN:98,remove
FNF:10
FNH:10
FNDA:7,toInsertPayload
FNDA:5,toMutableFields
FNDA:3,patchToMutableFields
FNDA:15,RulesService
FNDA:2,list
FNDA:4,getById
FNDA:7,create
FNDA:5,replace
FNDA:5,patch
FNDA:4,remove
DA:1,1
DA:11,1
DA:21,7
DA:22,7
DA:23,7
DA:24,7
DA:25,7
DA:26,7
DA:27,7
DA:28,7
DA:29,7
DA:30,7
DA:31,7
DA:32,7
DA:34,5
DA:35,5
DA:36,5
DA:37,5
DA:38,5
DA:39,5
DA:40,5
DA:41,5
DA:42,5
DA:43,5
DA:44,5
DA:45,5
DA:47,3
DA:48,3
DA:49,3
DA:50,3
DA:51,3
DA:52,3
DA:53,3
DA:54,3
DA:55,3
DA:56,3
DA:57,0
DA:58,0
DA:59,3
DA:60,3
DA:62,1
DA:63,1
DA:65,1
DA:66,2
DA:67,2
DA:69,1
DA:70,4
DA:71,4
DA:72,1
DA:73,4
DA:75,1
DA:76,7
DA:77,7
DA:79,1
DA:80,5
DA:81,5
DA:82,3
DA:83,5
DA:85,1
DA:86,5
DA:87,2
DA:88,2
DA:89,3
DA:90,5
DA:91,0
DA:92,0
DA:93,3
DA:94,5
DA:95,3
DA:96,5
DA:98,1
DA:99,4
DA:100,4
DA:101,4
DA:102,1
LF:75
LH:71
BRDA:21,0,0,7
BRDA:24,1,0,4
BRDA:26,2,0,3
BRDA:27,3,0,5
BRDA:28,4,0,4
BRDA:34,5,0,5
BRDA:37,6,0,4
BRDA:47,7,0,3
BRDA:49,8,0,0
BRDA:50,9,0,0
BRDA:51,10,0,0
BRDA:52,11,0,2
BRDA:52,12,0,0
BRDA:53,13,0,0
BRDA:54,14,0,0
BRDA:55,15,0,1
BRDA:56,16,0,0
BRDA:63,17,0,15
BRDA:65,18,0,2
BRDA:69,19,0,4
BRDA:71,20,0,3
BRDA:71,21,0,1
BRDA:75,22,0,7
BRDA:79,23,0,5
BRDA:81,24,0,4
BRDA:81,25,0,2
BRDA:81,26,0,3
BRDA:85,27,0,5
BRDA:86,28,0,4
BRDA:86,29,0,2
BRDA:88,30,0,3
BRDA:90,31,0,0
BRDA:92,32,0,3
BRDA:94,33,0,0
BRDA:94,34,0,3
BRDA:98,35,0,4
BRDA:100,36,0,2
BRF:37
BRH:28
end_of_record
TN:
SF:src/services/validation.ts
FN:4,requireNonEmptyString
FN:11,optionalString
FN:20,optionalNullableString
FN:25,optionalInt
FN:34,normalizeComparison
FN:49,normalizeStatus
FN:66,requireLastUpdatedBy
FNF:7
FNH:7
FNDA:14,requireNonEmptyString
FNDA:24,optionalString
FNDA:1,optionalNullableString
FNDA:25,optionalInt
FNDA:14,normalizeComparison
FNDA:15,normalizeStatus
FNDA:11,requireLastUpdatedBy
DA:1,1
DA:2,1
DA:4,1
DA:5,14
DA:6,3
DA:7,3
DA:8,11
DA:9,11
DA:11,1
DA:12,24
DA:13,18
DA:14,16
DA:15,1
DA:16,1
DA:17,4
DA:18,4
DA:20,1
DA:21,1
DA:22,1
DA:23,1
DA:25,1
DA:26,25
DA:27,25
DA:28,25
DA:29,1
DA:30,1
DA:31,5
DA:32,5
DA:34,1
DA:35,14
DA:36,8
DA:37,7
DA:38,7
DA:39,14
DA:40,0
DA:41,0
DA:42,6
DA:43,14
DA:44,1
DA:45,1
DA:46,5
DA:47,5
DA:49,1
DA:50,15
DA:51,4
DA:52,1
DA:53,1
DA:54,3
DA:55,3
DA:56,15
DA:57,0
DA:58,0
DA:59,11
DA:60,12
DA:61,2
DA:62,2
DA:63,9
DA:64,9
DA:66,1
DA:67,11
DA:68,7
DA:69,0
DA:70,0
DA:71,4
DA:72,11
DA:73,11
LF:66
LH:60
BRDA:4,0,0,14
BRDA:5,1,0,13
BRDA:5,2,0,13
BRDA:5,3,0,3
BRDA:7,4,0,11
BRDA:11,5,0,24
BRDA:12,6,0,11
BRDA:12,7,0,18
BRDA:12,8,0,13
BRDA:13,9,0,8
BRDA:13,10,0,16
BRDA:13,11,0,5
BRDA:14,12,0,13
BRDA:14,13,0,1
BRDA:16,14,0,4
BRDA:20,15,0,1
BRDA:21,16,0,0
BRDA:22,17,0,0
BRDA:25,18,0,25
BRDA:26,19,0,9
BRDA:26,20,0,16
BRDA:27,21,0,18
BRDA:27,22,0,10
BRDA:27,23,0,6
BRDA:28,24,0,23
BRDA:28,25,0,1
BRDA:30,26,0,5
BRDA:34,27,0,14
BRDA:35,28,0,11
BRDA:35,29,0,6
BRDA:35,30,0,8
BRDA:36,31,0,7
BRDA:36,32,0,1
BRDA:38,33,0,6
BRDA:39,34,0,0
BRDA:41,35,0,6
BRDA:43,36,0,11
BRDA:43,37,0,1
BRDA:45,38,0,5
BRDA:49,39,0,15
BRDA:50,40,0,11
BRDA:50,41,0,11
BRDA:50,42,0,4
BRDA:51,43,0,3
BRDA:51,44,0,1
BRDA:55,45,0,11
BRDA:56,46,0,0
BRDA:58,47,0,12
BRDA:58,48,0,11
BRDA:60,49,0,2
BRDA:62,50,0,9
BRDA:66,51,0,11
BRDA:67,52,0,4
BRDA:67,53,0,7
BRDA:67,54,0,4
BRDA:68,55,0,0
BRDA:70,56,0,4
BRDA:72,57,0,3
BRDA:72,58,0,1
BRF:59
BRH:54
end_of_record
TN:
SF:src/stores/DataStore.ts
FN:1,(empty-report)
FNF:1
FNH:1
FNDA:1,(empty-report)
LF:0
LH:0
BRDA:1,0,0,1
BRF:1
BRH:1
end_of_record
TN:
SF:src/stores/createStore.ts
FN:6,createDataStore
FNF:1
FNH:1
FNDA:3,createDataStore
DA:3,1
DA:4,1
DA:6,1
DA:7,3
DA:8,3
DA:15,3
DA:16,3
DA:17,1
DA:18,1
DA:19,2
DA:20,2
LF:11
LH:11
BRDA:6,0,0,3
BRDA:16,1,0,2
BRDA:16,2,0,1
BRF:3
BRH:3
end_of_record
TN:
SF:src/stores/databricksStore.ts
FN:12,createDatabricksStore
FN:22,ping
FNF:2
FNH:2
FNDA:3,createDatabricksStore
FNDA:2,ping
DA:1,1
DA:12,1
DA:13,3
DA:14,3
DA:15,3
DA:16,3
DA:17,3
DA:18,3
DA:20,3
DA:21,3
DA:22,3
DA:23,2
DA:24,1
DA:25,1
DA:26,1
DA:27,1
DA:28,1
DA:29,1
DA:30,1
DA:31,1
DA:32,1
DA:33,1
DA:34,1
DA:35,2
DA:36,0
DA:37,0
DA:38,0
DA:39,0
DA:40,0
DA:41,2
DA:42,3
DA:43,3
LF:32
LH:27
BRDA:12,0,0,3
BRDA:14,1,0,1
BRDA:15,2,0,1
BRDA:16,3,0,1
BRDA:17,4,0,1
BRDA:18,5,0,1
BRDA:22,6,0,2
BRDA:23,7,0,1
BRDA:35,8,0,0
BRF:9
BRH:8
end_of_record
TN:
SF:src/stores/memoryStore.ts
FN:6,createMemoryStore
FN:9,ping
FNF:2
FNH:2
FNDA:4,createMemoryStore
FNDA:2,ping
DA:6,1
DA:7,4
DA:8,4
DA:9,4
DA:10,2
DA:11,2
DA:12,4
DA:13,4
LF:8
LH:8
BRDA:6,0,0,4
BRDA:9,1,0,2
BRF:2
BRH:2
end_of_record
TN:
SF:src/types/baseApiModel.ts
FN:14,<instance_members_initializer>
FN:20,BaseApiModel
FNF:2
FNH:2
FNDA:41,<instance_members_initializer>
FNDA:41,BaseApiModel
DA:14,1
DA:15,41
DA:16,41
DA:17,41
DA:18,41
DA:20,41
DA:21,41
DA:22,41
DA:23,41
DA:24,41
DA:25,41
DA:26,41
LF:12
LH:12
BRDA:14,0,0,41
BRDA:20,1,0,41
BRF:2
BRH:2
end_of_record
TN:
SF:src/types/rule.ts
FN:21,<instance_members_initializer>
FN:30,Rule
FNF:2
FNH:2
FNDA:40,<instance_members_initializer>
FNDA:40,Rule
DA:1,1
DA:3,1
DA:7,1
DA:21,1
DA:22,40
DA:23,40
DA:24,40
DA:25,40
DA:26,40
DA:27,40
DA:28,40
DA:30,40
DA:31,40
DA:32,40
DA:33,40
DA:34,40
DA:35,40
DA:36,40
DA:37,40
DA:38,40
DA:39,40
DA:40,40
LF:22
LH:22
BRDA:21,0,0,40
BRDA:30,1,0,40
BRF:2
BRH:2
end_of_record
TN:
SF:src/utils/parseEntityId.ts
FN:3,parseEntityId
FNF:1
FNH:1
FNDA:16,parseEntityId
DA:1,1
DA:3,1
DA:4,16
DA:5,16
DA:6,4
DA:7,4
DA:8,12
DA:9,12
LF:8
LH:8
BRDA:3,0,0,16
BRDA:5,1,0,13
BRDA:5,2,0,4
BRDA:7,3,0,12
BRF:4
BRH:4
end_of_record
TN:
SF:src/utils/timestamps.ts
FN:3,nowTimestamp
FNF:1
FNH:1
FNDA:11,nowTimestamp
DA:3,1
DA:4,11
DA:5,11
LF:3
LH:3
BRDA:3,0,0,11
BRF:1
BRH:1
end_of_record
