TN:
SF:src/app.ts
FN:28,createApp
FNF:1
FNH:1
FNDA:6,createApp
DA:1,1
DA:2,1
DA:3,1
DA:4,1
DA:5,1
DA:6,1
DA:7,1
DA:8,1
DA:9,1
DA:10,1
DA:12,1
DA:13,1
DA:28,1
DA:29,6
DA:30,6
DA:31,6
DA:32,6
DA:33,6
DA:34,3
DA:35,6
DA:36,6
DA:37,3
DA:38,6
DA:40,6
DA:41,6
DA:42,6
DA:43,6
DA:45,6
DA:46,2
DA:47,2
DA:48,2
DA:49,1
DA:50,1
DA:51,1
DA:52,1
DA:53,1
DA:54,1
DA:55,1
DA:56,2
DA:57,2
DA:58,1
DA:59,2
DA:60,6
DA:62,6
DA:63,1
DA:64,1
DA:65,1
DA:66,1
DA:67,1
DA:68,1
DA:69,1
DA:70,1
DA:71,6
DA:73,6
DA:74,6
DA:75,6
DA:77,6
DA:78,6
LF:58
LH:58
BRDA:28,0,0,6
BRDA:30,1,0,0
BRDA:31,2,0,2
BRDA:33,3,0,3
BRDA:36,4,0,3
BRDA:38,5,0,2
BRDA:45,6,0,2
BRDA:48,7,0,1
BRDA:57,8,0,1
BRDA:62,9,0,1
BRF:10
BRH:9
end_of_record
TN:
SF:src/config.ts
FN:5,normalizeDataStore
FN:12,loadEnvOnce
FN:18,parseCacheTtlSeconds
FN:24,getConfig
FNF:4
FNH:4
FNDA:17,normalizeDataStore
FNDA:17,loadEnvOnce
FNDA:17,parseCacheTtlSeconds
FNDA:17,getConfig
DA:1,1
DA:5,17
DA:6,17
DA:7,17
DA:8,0
DA:9,0
DA:11,1
DA:12,17
DA:13,17
DA:14,5
DA:15,5
DA:16,5
DA:18,17
DA:19,17
DA:20,17
DA:21,17
DA:22,17
DA:24,1
DA:25,17
DA:26,17
DA:27,17
DA:28,17
DA:29,17
DA:30,17
DA:31,17
DA:32,17
DA:33,17
DA:34,17
DA:35,17
DA:36,17
DA:37,17
DA:38,17
DA:39,17
DA:40,17
DA:41,17
DA:42,17
DA:43,17
DA:44,17
LF:38
LH:36
BRDA:5,0,0,17
BRDA:6,1,0,0
BRDA:7,2,0,0
BRDA:12,3,0,17
BRDA:13,4,0,16
BRDA:13,5,0,12
BRDA:13,6,0,5
BRDA:18,7,0,17
BRDA:19,8,0,0
BRDA:20,9,0,0
BRDA:24,10,0,17
BRDA:28,11,0,0
BRDA:36,12,0,0
BRDA:37,13,0,0
BRDA:38,14,0,0
BRDA:39,15,0,0
BRDA:40,16,0,0
BRF:17
BRH:7
end_of_record
TN:
SF:src/loadEnv.ts
FN:11,loadEnv
FNF:1
FNH:1
FNDA:5,loadEnv
DA:1,1
DA:2,1
DA:3,1
DA:4,1
DA:6,1
DA:11,1
DA:12,5
DA:13,5
DA:15,5
DA:16,5
DA:18,5
DA:19,5
DA:20,5
DA:21,5
DA:22,0
DA:23,0
DA:24,5
LF:17
LH:15
BRDA:11,0,0,5
BRDA:21,1,0,0
BRF:2
BRH:1
end_of_record
TN:
SF:src/cache/TtlCache.ts
FN:10,<instance_members_initializer>
FN:13,TtlCache
FN:15,get
FN:25,set
FN:32,delete
FN:36,clear
FNF:6
FNH:6
FNDA:43,<instance_members_initializer>
FNDA:43,TtlCache
FNDA:33,get
FNDA:47,set
FNDA:1,delete
FNDA:6,clear
DA:10,1
DA:11,43
DA:13,43
DA:15,43
DA:16,33
DA:17,33
DA:18,33
DA:19,1
DA:20,1
DA:21,1
DA:22,11
DA:23,33
DA:25,43
DA:26,47
DA:27,47
DA:28,47
DA:29,47
DA:30,47
DA:32,43
DA:33,1
DA:34,1
DA:36,43
DA:37,6
DA:38,6
DA:39,43
LF:25
LH:25
BRDA:10,0,0,43
BRDA:13,1,0,43
BRDA:15,2,0,33
BRDA:17,3,0,30
BRDA:17,4,0,21
BRDA:17,5,0,12
BRDA:18,6,0,32
BRDA:18,7,0,1
BRDA:21,8,0,11
BRDA:25,9,0,47
BRDA:32,10,0,1
BRDA:36,11,0,6
BRF:12
BRH:12
end_of_record
TN:
SF:src/db/databricksClient.ts
FN:17,missingDatabricksEnv
FN:27,createDatabricksClient
FN:32,getClient
FN:50,ping
FN:54,query
FN:76,close
FN:88,getSharedDatabricksClient
FN:95,resetSharedDatabricksClient
FNF:8
FNH:7
FNDA:2,missingDatabricksEnv
FNDA:2,createDatabricksClient
FNDA:3,getClient
FNDA:1,ping
FNDA:3,query
FNDA:1,close
FNDA:0,getSharedDatabricksClient
FNDA:4,resetSharedDatabricksClient
DA:1,1
DA:17,2
DA:18,2
DA:19,2
DA:20,2
DA:21,2
DA:22,2
DA:23,2
DA:24,2
DA:25,2
DA:27,1
DA:28,2
DA:29,2
DA:30,2
DA:32,2
DA:33,3
DA:34,1
DA:35,1
DA:36,3
DA:37,1
DA:38,1
DA:39,1
DA:40,1
DA:41,1
DA:42,1
DA:43,1
DA:44,1
DA:45,1
DA:46,1
DA:47,3
DA:49,2
DA:50,2
DA:51,1
DA:52,1
DA:54,2
DA:55,3
DA:56,3
DA:57,3
DA:58,3
DA:59,2
DA:60,2
DA:61,2
DA:62,2
DA:63,2
DA:64,3
DA:65,3
DA:66,2
DA:67,2
DA:68,2
DA:69,2
DA:70,2
DA:71,3
DA:72,2
DA:73,2
DA:74,3
DA:76,2
DA:77,1
DA:78,1
DA:79,1
DA:80,1
DA:81,1
DA:82,1
DA:83,2
DA:84,2
DA:86,1
DA:88,1
DA:89,0
DA:90,0
DA:91,0
DA:92,0
DA:93,0
DA:95,1
DA:96,4
DA:97,4
LF:74
LH:69
BRDA:17,0,0,2
BRDA:19,1,0,0
BRDA:20,2,0,0
BRDA:21,3,0,1
BRDA:22,4,0,0
BRDA:23,5,0,0
BRDA:27,6,0,2
BRDA:32,7,0,3
BRDA:33,8,0,1
BRDA:35,9,0,2
BRDA:36,10,0,1
BRDA:50,11,0,1
BRDA:54,12,0,3
BRDA:58,13,0,2
BRDA:64,14,0,1
BRDA:64,15,0,1
BRDA:65,16,0,2
BRDA:71,17,0,2
BRDA:76,18,0,1
BRDA:95,19,0,4
BRF:20
BRH:16
end_of_record
TN:
SF:src/db/tableRef.ts
FN:4,rulesTableRef
FN:14,opportunitySilverTableRef
FNF:2
FNH:2
FNDA:6,rulesTableRef
FNDA:5,opportunitySilverTableRef
DA:4,1
DA:5,6
DA:6,6
DA:7,6
DA:8,1
DA:9,1
DA:10,5
DA:11,5
DA:14,1
DA:15,5
DA:16,5
LF:11
LH:11
BRDA:4,0,0,6
BRDA:7,1,0,5
BRDA:7,2,0,5
BRDA:7,3,0,1
BRDA:14,4,0,5
BRF:5
BRH:5
end_of_record
TN:
SF:src/errors/httpErrors.ts
FN:2,HttpError
FN:13,NotFoundError
FN:20,ValidationError
FN:27,ConflictError
FNF:4
FNH:4
FNDA:35,HttpError
FNDA:14,NotFoundError
FNDA:18,ValidationError
FNDA:1,ConflictError
DA:1,1
DA:2,1
DA:3,35
DA:4,35
DA:5,35
DA:6,35
DA:7,35
DA:8,35
DA:9,35
DA:10,1
DA:12,1
DA:13,1
DA:14,14
DA:15,14
DA:16,14
DA:17,1
DA:19,1
DA:20,1
DA:21,18
DA:22,18
DA:23,18
DA:24,1
DA:26,1
DA:27,1
DA:28,1
DA:29,1
DA:30,1
DA:31,1
LF:28
LH:28
BRDA:2,0,0,35
BRDA:13,1,0,14
BRDA:20,2,0,18
BRDA:27,3,0,1
BRF:4
BRH:4
end_of_record
TN:
SF:src/middleware/asyncHandler.ts
FN:5,asyncHandler
FNF:1
FNH:1
FNDA:48,asyncHandler
DA:5,1
DA:6,48
DA:7,23
DA:8,23
DA:9,48
LF:5
LH:5
BRDA:5,0,0,48
BRDA:6,1,0,23
BRF:2
BRH:2
end_of_record
TN:
SF:src/middleware/cacheControl.ts
FN:7,cacheControl
FN:9,header
FN:21,jsonWithCache
FNF:3
FNH:3
FNDA:8,cacheControl
FNDA:1,header
FNDA:15,jsonWithCache
DA:7,1
DA:8,8
DA:9,1
DA:10,1
DA:12,7
DA:14,7
DA:15,27
DA:16,12
DA:17,12
DA:18,12
DA:20,15
DA:21,15
DA:22,15
DA:23,8
DA:24,8
DA:25,15
DA:26,15
DA:28,15
DA:29,27
DA:30,7
LF:20
LH:20
BRDA:7,0,0,8
BRDA:8,1,0,7
BRDA:8,2,0,1
BRDA:9,3,0,1
BRDA:14,4,0,27
BRDA:15,5,0,12
BRDA:18,6,0,15
BRDA:21,7,0,15
BRDA:22,8,0,8
BRF:9
BRH:9
end_of_record
TN:
SF:src/middleware/errorHandler.ts
FN:4,errorHandler
FNF:1
FNH:1
FNDA:13,errorHandler
DA:2,1
DA:4,1
DA:5,13
DA:6,13
DA:7,13
DA:8,13
DA:9,13
DA:10,13
DA:11,12
DA:12,12
DA:13,12
DA:14,12
DA:15,12
DA:16,12
DA:17,12
DA:18,12
DA:20,1
DA:21,1
DA:22,1
DA:23,1
DA:24,1
DA:25,1
DA:26,1
DA:27,1
LF:24
LH:24
BRDA:4,0,0,13
BRDA:10,1,0,12
BRDA:18,2,0,1
BRF:3
BRH:3
end_of_record
TN:
SF:src/repositories/cachingCompaniesRepository.ts
FN:5,listKey
FN:9,idKey
FN:17,createCachingCompaniesRepository
FN:25,findByOwnerEmail
FN:38,findById
FNF:5
FNH:5
FNDA:10,listKey
FNDA:24,idKey
FNDA:10,createCachingCompaniesRepository
FNDA:10,findByOwnerEmail
FNDA:5,findById
DA:1,1
DA:5,10
DA:6,10
DA:7,10
DA:9,24
DA:10,24
DA:11,24
DA:17,1
DA:18,10
DA:19,10
DA:20,10
DA:21,10
DA:22,10
DA:24,10
DA:25,10
DA:26,10
DA:27,10
DA:28,10
DA:30,6
DA:31,6
DA:32,8
DA:33,18
DA:34,18
DA:35,6
DA:36,10
DA:38,10
DA:39,5
DA:40,5
DA:42,3
DA:43,5
DA:44,1
DA:45,1
DA:46,3
DA:47,5
DA:48,10
DA:49,10
LF:36
LH:36
BRDA:5,0,0,10
BRDA:9,1,0,24
BRDA:17,2,0,10
BRDA:25,3,0,10
BRDA:28,4,0,8
BRDA:28,5,0,4
BRDA:28,6,0,6
BRDA:32,7,0,18
BRDA:34,8,0,6
BRDA:38,9,0,5
BRDA:40,10,0,2
BRDA:40,11,0,3
BRDA:43,12,0,1
BRDA:45,13,0,3
BRF:14
BRH:14
end_of_record
TN:
SF:src/repositories/cachingRulesRepository.ts
FN:8,idKey
FN:20,createCachingRulesRepository
FN:27,invalidateList
FN:31,invalidateId
FN:36,invalidateAll
FN:42,findAll
FN:54,findById
FN:65,create
FN:72,replace
FN:79,update
FN:86,delete
FNF:11
FNH:10
FNDA:20,idKey
FNDA:10,createCachingRulesRepository
FNDA:1,invalidateList
FNDA:1,invalidateId
FNDA:2,invalidateAll
FNDA:8,findAll
FNDA:6,findById
FNDA:1,create
FNDA:0,replace
FNDA:1,update
FNDA:1,delete
DA:1,1
DA:6,1
DA:8,20
DA:9,20
DA:10,20
DA:20,1
DA:21,10
DA:22,10
DA:23,10
DA:24,10
DA:25,10
DA:27,10
DA:28,1
DA:29,1
DA:31,10
DA:32,1
DA:33,1
DA:34,1
DA:36,10
DA:37,2
DA:38,2
DA:39,2
DA:41,10
DA:42,10
DA:43,8
DA:44,8
DA:46,6
DA:47,6
DA:48,7
DA:49,8
DA:50,8
DA:51,6
DA:52,8
DA:54,10
DA:55,6
DA:56,6
DA:58,5
DA:59,6
DA:60,3
DA:61,3
DA:62,5
DA:63,6
DA:65,10
DA:66,1
DA:67,1
DA:68,1
DA:69,1
DA:70,1
DA:72,10
DA:73,0
DA:74,0
DA:75,0
DA:76,0
DA:77,0
DA:79,10
DA:80,1
DA:81,1
DA:82,1
DA:83,1
DA:84,1
DA:86,10
DA:87,1
DA:88,1
DA:89,1
DA:90,1
DA:91,1
DA:92,1
DA:93,10
DA:94,10
LF:69
LH:64
BRDA:8,0,0,20
BRDA:20,1,0,10
BRDA:27,2,0,1
BRDA:31,3,0,1
BRDA:36,4,0,2
BRDA:42,5,0,8
BRDA:44,6,0,7
BRDA:44,7,0,2
BRDA:44,8,0,6
BRDA:48,9,0,8
BRDA:50,10,0,6
BRDA:54,11,0,6
BRDA:56,12,0,1
BRDA:56,13,0,5
BRDA:59,14,0,3
BRDA:61,15,0,5
BRDA:65,16,0,1
BRDA:79,17,0,1
BRDA:86,18,0,1
BRF:19
BRH:19
end_of_record
TN:
SF:src/repositories/companiesRepository.ts
FN:43,seedCompany
FN:143,createMemoryCompaniesRepository
FN:147,findByOwnerEmail
FN:157,findById
FN:163,createDatabricksCompaniesRepository
FN:169,findByOwnerEmail
FN:180,findById
FNF:7
FNH:7
FNDA:36,seedCompany
FNDA:11,createMemoryCompaniesRepository
FNDA:11,findByOwnerEmail
FNDA:5,findById
FNDA:4,createDatabricksCompaniesRepository
FNDA:2,findByOwnerEmail
FNDA:2,findById
DA:2,1
DA:3,1
DA:4,1
DA:14,1
DA:16,1
DA:17,1
DA:18,1
DA:19,1
DA:20,1
DA:21,1
DA:22,1
DA:23,1
DA:24,1
DA:25,1
DA:26,1
DA:27,1
DA:28,1
DA:29,1
DA:30,1
DA:31,1
DA:32,1
DA:33,1
DA:34,1
DA:35,1
DA:36,1
DA:37,1
DA:38,1
DA:39,1
DA:40,1
DA:41,1
DA:43,36
DA:44,36
DA:46,36
DA:47,36
DA:48,36
DA:49,36
DA:50,36
DA:51,36
DA:52,36
DA:54,1
DA:55,1
DA:56,1
DA:57,1
DA:58,1
DA:59,1
DA:60,1
DA:61,1
DA:62,1
DA:63,1
DA:64,1
DA:65,1
DA:66,1
DA:67,1
DA:68,1
DA:69,1
DA:70,1
DA:71,1
DA:72,1
DA:73,1
DA:74,1
DA:75,1
DA:76,1
DA:77,1
DA:78,1
DA:79,1
DA:80,1
DA:81,1
DA:82,1
DA:83,1
DA:84,1
DA:85,1
DA:86,1
DA:87,1
DA:88,1
DA:89,1
DA:90,1
DA:91,1
DA:92,1
DA:93,1
DA:94,1
DA:95,1
DA:96,1
DA:97,1
DA:98,1
DA:99,1
DA:100,1
DA:101,1
DA:102,1
DA:103,1
DA:104,1
DA:105,1
DA:106,1
DA:107,1
DA:108,1
DA:109,1
DA:110,1
DA:111,1
DA:112,1
DA:113,1
DA:114,1
DA:115,1
DA:116,1
DA:117,1
DA:118,1
DA:119,1
DA:120,1
DA:121,1
DA:122,1
DA:123,1
DA:124,1
DA:125,1
DA:126,1
DA:127,1
DA:128,1
DA:129,1
DA:130,1
DA:131,1
DA:132,1
DA:133,1
DA:134,1
DA:135,1
DA:136,1
DA:137,1
DA:138,1
DA:139,1
DA:140,1
DA:141,1
DA:143,1
DA:144,11
DA:146,11
DA:147,11
DA:148,11
DA:149,11
DA:150,11
DA:151,11
DA:152,66
DA:153,11
DA:154,11
DA:155,11
DA:157,11
DA:158,5
DA:159,5
DA:160,11
DA:161,11
DA:163,1
DA:164,4
DA:165,4
DA:166,4
DA:168,4
DA:169,4
DA:170,2
DA:171,2
DA:172,2
DA:175,2
DA:176,2
DA:177,2
DA:178,2
DA:180,4
DA:181,2
DA:182,2
DA:183,2
DA:185,2
DA:186,2
DA:187,2
DA:188,1
DA:189,2
DA:190,4
DA:191,4
LF:168
LH:168
BRDA:43,0,0,36
BRDA:143,1,0,11
BRDA:144,2,0,66
BRDA:147,3,0,11
BRDA:151,4,0,66
BRDA:152,5,0,0
BRDA:154,6,0,80
BRDA:157,7,0,5
BRDA:158,8,0,2
BRDA:163,9,0,4
BRDA:169,10,0,2
BRDA:180,11,0,2
BRDA:187,12,0,1
BRF:13
BRH:12
end_of_record
TN:
SF:src/repositories/companyRowMapper.ts
FN:3,pickField
FN:14,toNullableString
FN:19,toRequiredString
FN:24,toNullableNumber
FN:60,mapRowToCompanyFields
FN:133,mapRowToCompany
FNF:6
FNH:6
FNDA:162,pickField
FNDA:90,toNullableString
FNDA:18,toRequiredString
FNDA:54,toNullableNumber
FNDA:6,mapRowToCompanyFields
FNDA:3,mapRowToCompany
DA:1,1
DA:3,162
DA:4,162
DA:5,219
DA:6,108
DA:7,165
DA:8,108
DA:9,165
DA:10,219
DA:11,45
DA:12,45
DA:14,90
DA:15,90
DA:16,52
DA:17,52
DA:19,18
DA:20,18
DA:21,16
DA:22,16
DA:24,54
DA:25,54
DA:26,30
DA:27,54
DA:28,54
DA:30,1
DA:31,1
DA:32,1
DA:33,1
DA:34,1
DA:35,1
DA:36,1
DA:37,1
DA:38,1
DA:39,1
DA:40,1
DA:41,1
DA:42,1
DA:43,1
DA:44,1
DA:45,1
DA:46,1
DA:47,1
DA:48,1
DA:49,1
DA:50,1
DA:51,1
DA:52,1
DA:53,1
DA:54,1
DA:55,1
DA:56,1
DA:57,1
DA:58,1
DA:60,1
DA:61,6
DA:62,6
DA:63,6
DA:64,6
DA:65,6
DA:66,6
DA:67,6
DA:68,6
DA:69,6
DA:70,6
DA:71,6
DA:72,6
DA:73,6
DA:74,6
DA:75,6
DA:76,6
DA:77,6
DA:78,6
DA:79,6
DA:80,6
DA:81,6
DA:82,6
DA:83,6
DA:84,6
DA:85,6
DA:86,6
DA:87,6
DA:88,6
DA:89,6
DA:90,6
DA:91,6
DA:92,6
DA:93,6
DA:94,6
DA:95,6
DA:96,6
DA:97,6
DA:98,6
DA:99,6
DA:100,6
DA:101,6
DA:102,6
DA:103,6
DA:104,6
DA:105,6
DA:106,6
DA:107,6
DA:108,6
DA:109,6
DA:110,6
DA:111,6
DA:112,6
DA:113,6
DA:114,6
DA:115,6
DA:116,6
DA:117,6
DA:118,6
DA:119,6
DA:120,6
DA:121,6
DA:122,6
DA:123,6
DA:124,6
DA:125,6
DA:126,6
DA:127,6
DA:128,6
DA:129,6
DA:130,6
DA:131,6
DA:133,1
DA:134,3
DA:135,3
LF:128
LH:128
BRDA:3,0,0,162
BRDA:4,1,0,219
BRDA:5,2,0,111
BRDA:5,3,0,165
BRDA:5,4,0,108
BRDA:7,5,0,0
BRDA:7,6,0,108
BRDA:9,7,0,6
BRDA:10,8,0,45
BRDA:14,9,0,90
BRDA:15,10,0,52
BRDA:15,11,0,38
BRDA:15,12,0,52
BRDA:19,13,0,18
BRDA:20,14,0,16
BRDA:20,15,0,2
BRDA:20,16,0,16
BRDA:24,17,0,54
BRDA:25,18,0,30
BRDA:25,19,0,36
BRDA:25,20,0,24
BRDA:25,21,0,30
BRDA:27,22,0,0
BRDA:60,23,0,6
BRDA:133,24,0,3
BRF:25
BRH:23
end_of_record
TN:
SF:src/repositories/createCompaniesRepository.ts
FN:17,createCompaniesRepository
FNF:1
FNH:1
FNDA:7,createCompaniesRepository
DA:2,1
DA:3,1
DA:5,1
DA:6,1
DA:17,1
DA:18,7
DA:19,7
DA:20,7
DA:21,7
DA:22,7
DA:23,7
DA:24,1
DA:25,6
DA:27,7
DA:28,7
DA:29,7
DA:31,7
DA:32,4
DA:33,4
DA:34,3
DA:35,3
LF:21
LH:21
BRDA:17,0,0,7
BRDA:23,1,0,1
BRDA:24,2,0,6
BRDA:28,3,0,3
BRDA:29,4,0,5
BRDA:31,5,0,4
BRDA:31,6,0,4
BRDA:33,7,0,3
BRF:8
BRH:8
end_of_record
TN:
SF:src/repositories/createRulesRepository.ts
FN:18,createRulesRepository
FNF:1
FNH:1
FNDA:4,createRulesRepository
DA:2,1
DA:3,1
DA:5,1
DA:6,1
DA:18,1
DA:19,4
DA:20,4
DA:21,4
DA:22,4
DA:23,4
DA:24,4
DA:25,0
DA:26,4
DA:28,4
DA:29,4
DA:30,4
DA:32,4
DA:33,3
DA:34,3
DA:35,1
DA:36,1
LF:21
LH:20
BRDA:18,0,0,4
BRDA:24,1,0,0
BRDA:29,2,0,3
BRDA:32,3,0,3
BRDA:32,4,0,3
BRDA:34,5,0,1
BRF:6
BRH:5
end_of_record
TN:
SF:src/repositories/ruleRowMapper.ts
FN:11,pickField
FN:18,toApiTimestamp
FN:25,toNullableString
FN:30,toNullableInt
FN:36,toComparison
FN:45,toStatus
FN:56,mapRowToRuleFields
FN:72,mapRowToRule
FNF:8
FNH:8
FNDA:88,pickField
FNDA:16,toApiTimestamp
FNDA:24,toNullableString
FNDA:16,toNullableInt
FNDA:8,toComparison
FNDA:8,toStatus
FNDA:8,mapRowToRuleFields
FNDA:6,mapRowToRule
DA:1,1
DA:11,88
DA:12,88
DA:13,25
DA:14,88
DA:15,14
DA:16,14
DA:18,16
DA:19,16
DA:20,14
DA:21,0
DA:22,0
DA:23,0
DA:25,24
DA:26,24
DA:27,6
DA:28,6
DA:30,16
DA:31,16
DA:32,3
DA:33,16
DA:34,16
DA:36,8
DA:37,8
DA:38,3
DA:39,3
DA:40,3
DA:41,3
DA:42,0
DA:43,0
DA:45,8
DA:46,8
DA:47,8
DA:48,8
DA:49,8
DA:50,0
DA:51,0
DA:53,1
DA:54,1
DA:56,1
DA:57,8
DA:58,8
DA:59,8
DA:60,8
DA:61,8
DA:62,8
DA:63,8
DA:64,8
DA:65,8
DA:66,8
DA:67,8
DA:68,8
DA:69,8
DA:70,8
DA:72,1
DA:73,6
DA:74,6
LF:57
LH:50
BRDA:11,0,0,88
BRDA:12,1,0,63
BRDA:12,2,0,25
BRDA:14,3,0,11
BRDA:14,4,0,14
BRDA:18,5,0,16
BRDA:19,6,0,2
BRDA:19,7,0,14
BRDA:20,8,0,0
BRDA:25,9,0,24
BRDA:26,10,0,18
BRDA:26,11,0,6
BRDA:30,12,0,16
BRDA:31,13,0,3
BRDA:31,14,0,13
BRDA:31,15,0,3
BRDA:33,16,0,0
BRDA:36,17,0,8
BRDA:37,18,0,3
BRDA:37,19,0,5
BRDA:37,20,0,3
BRDA:41,21,0,0
BRDA:45,22,0,8
BRDA:46,23,0,2
BRDA:49,24,0,0
BRDA:56,25,0,8
BRDA:59,26,0,0
BRDA:72,27,0,6
BRF:28
BRH:23
end_of_record
TN:
SF:src/repositories/rulesRepository.ts
FN:62,createMemoryRulesRepository
FN:66,stamp
FN:79,findAll
FN:83,findById
FN:87,create
FN:91,replace
FN:104,update
FN:125,delete
FN:131,createDatabricksRulesRepository
FN:137,findNewestAfterInsert
FN:155,findAll
FN:162,findById
FN:171,create
FN:191,replace
FN:221,update
FN:237,delete
FNF:16
FNH:15
FNDA:14,createMemoryRulesRepository
FNDA:5,stamp
FNDA:4,findAll
FNDA:5,findById
FNDA:5,create
FNDA:5,replace
FNDA:3,update
FNDA:3,delete
FNDA:4,createDatabricksRulesRepository
FNDA:1,findNewestAfterInsert
FNDA:1,findAll
FNDA:4,findById
FNDA:1,create
FNDA:1,replace
FNDA:0,update
FNDA:2,delete
DA:2,1
DA:3,1
DA:7,1
DA:9,1
DA:20,1
DA:21,1
DA:22,1
DA:23,1
DA:24,1
DA:25,1
DA:26,1
DA:27,1
DA:28,1
DA:29,1
DA:30,1
DA:31,1
DA:32,1
DA:33,1
DA:34,1
DA:35,1
DA:36,1
DA:37,1
DA:38,1
DA:39,1
DA:40,1
DA:41,1
DA:42,1
DA:43,1
DA:44,1
DA:45,1
DA:46,1
DA:47,1
DA:48,1
DA:49,1
DA:50,1
DA:51,1
DA:52,1
DA:53,1
DA:54,1
DA:55,1
DA:56,1
DA:57,1
DA:58,1
DA:59,1
DA:60,1
DA:62,1
DA:63,14
DA:64,14
DA:66,14
DA:67,5
DA:68,5
DA:69,5
DA:70,5
DA:71,5
DA:72,5
DA:73,5
DA:74,5
DA:75,5
DA:76,5
DA:78,14
DA:79,14
DA:80,4
DA:81,4
DA:83,14
DA:84,5
DA:85,5
DA:87,14
DA:88,5
DA:89,5
DA:91,14
DA:92,5
DA:93,5
DA:94,3
DA:95,3
DA:96,3
DA:97,3
DA:98,3
DA:99,3
DA:100,3
DA:101,3
DA:102,5
DA:104,14
DA:105,3
DA:106,3
DA:107,3
DA:108,3
DA:109,3
DA:110,3
DA:111,3
DA:112,3
DA:113,3
DA:114,3
DA:115,3
DA:116,3
DA:117,3
DA:118,3
DA:119,3
DA:120,3
DA:121,3
DA:122,3
DA:123,3
DA:125,14
DA:126,3
DA:127,3
DA:128,14
DA:129,14
DA:131,1
DA:132,4
DA:133,4
DA:134,4
DA:135,4
DA:137,4
DA:138,1
DA:139,1
DA:143,1
DA:144,1
DA:145,1
DA:146,1
DA:147,1
DA:148,1
DA:149,0
DA:150,0
DA:151,1
DA:152,1
DA:154,4
DA:155,4
DA:156,1
DA:157,1
DA:158,1
DA:159,1
DA:160,1
DA:162,4
DA:163,4
DA:164,4
DA:165,4
DA:166,4
DA:167,4
DA:168,3
DA:169,4
DA:171,4
DA:172,1
DA:173,1
DA:177,1
DA:178,1
DA:179,1
DA:180,1
DA:181,1
DA:182,1
DA:183,1
DA:184,1
DA:185,1
DA:186,1
DA:187,1
DA:188,1
DA:189,1
DA:191,4
DA:192,1
DA:193,1
DA:194,1
DA:195,1
DA:206,1
DA:207,1
DA:208,1
DA:209,1
DA:210,1
DA:211,1
DA:212,1
DA:213,1
DA:214,1
DA:215,1
DA:216,1
DA:217,1
DA:218,1
DA:219,1
DA:221,4
DA:222,0
DA:223,0
DA:224,0
DA:225,0
DA:226,0
DA:227,0
DA:228,0
DA:229,0
DA:230,0
DA:231,0
DA:232,0
DA:233,0
DA:234,0
DA:235,0
DA:237,4
DA:238,2
DA:239,2
DA:240,1
DA:241,1
DA:242,2
DA:243,4
DA:244,4
LF:197
LH:181
BRDA:62,0,0,14
BRDA:63,1,0,42
BRDA:66,2,0,5
BRDA:79,3,0,4
BRDA:80,4,0,8
BRDA:83,5,0,5
BRDA:84,6,0,4
BRDA:87,7,0,5
BRDA:91,8,0,5
BRDA:93,9,0,4
BRDA:93,10,0,2
BRDA:93,11,0,3
BRDA:104,12,0,3
BRDA:106,13,0,0
BRDA:110,14,0,0
BRDA:111,15,0,0
BRDA:112,16,0,2
BRDA:112,17,0,1
BRDA:113,18,0,0
BRDA:114,19,0,0
BRDA:115,20,0,1
BRDA:115,21,0,2
BRDA:119,22,0,0
BRDA:125,23,0,3
BRDA:131,24,0,4
BRDA:137,25,0,1
BRDA:148,26,0,0
BRDA:155,27,0,1
BRDA:162,28,0,4
BRDA:167,29,0,1
BRDA:167,30,0,3
BRDA:171,31,0,1
BRDA:191,32,0,1
BRDA:193,33,0,0
BRDA:237,34,0,2
BRDA:239,35,0,1
BRF:36
BRH:28
end_of_record
TN:
SF:src/routes/companies.ts
FN:6,routeId
FN:16,createCompaniesRouter
FNF:2
FNH:2
FNDA:4,routeId
FNDA:6,createCompaniesRouter
DA:1,1
DA:2,1
DA:4,1
DA:6,4
DA:7,4
DA:8,4
DA:9,4
DA:10,4
DA:11,1
DA:12,1
DA:13,3
DA:14,3
DA:16,1
DA:17,6
DA:19,6
DA:20,6
DA:21,6
DA:22,2
DA:23,2
DA:24,6
DA:25,6
DA:27,6
DA:28,6
DA:29,6
DA:30,4
DA:31,1
DA:32,6
DA:33,6
DA:35,6
DA:36,6
LF:30
LH:30
BRDA:6,0,0,4
BRDA:8,1,0,0
BRDA:10,2,0,1
BRDA:12,3,0,3
BRDA:16,4,0,6
BRDA:21,5,0,2
BRDA:29,6,0,4
BRDA:30,7,0,1
BRF:8
BRH:7
end_of_record
TN:
SF:src/routes/rules.ts
FN:7,routeId
FN:13,createRulesRouter
FNF:2
FNH:2
FNDA:12,routeId
FNDA:6,createRulesRouter
DA:1,1
DA:2,1
DA:5,1
DA:7,12
DA:8,12
DA:9,12
DA:10,12
DA:11,12
DA:13,1
DA:14,6
DA:16,6
DA:17,6
DA:18,6
DA:19,1
DA:20,1
DA:21,6
DA:22,6
DA:24,6
DA:25,6
DA:26,6
DA:27,4
DA:28,1
DA:29,6
DA:30,6
DA:32,6
DA:33,6
DA:34,6
DA:35,4
DA:36,2
DA:37,6
DA:38,6
DA:40,6
DA:41,6
DA:42,6
DA:43,3
DA:44,2
DA:45,6
DA:46,6
DA:48,6
DA:49,6
DA:50,6
DA:51,3
DA:52,2
DA:53,6
DA:54,6
DA:56,6
DA:57,6
DA:58,6
DA:59,2
DA:60,1
DA:61,6
DA:62,6
DA:64,6
DA:65,6
LF:54
LH:54
BRDA:7,0,0,12
BRDA:9,1,0,0
BRDA:13,2,0,6
BRDA:18,3,0,1
BRDA:26,4,0,4
BRDA:27,5,0,1
BRDA:34,6,0,4
BRDA:35,7,0,2
BRDA:42,8,0,3
BRDA:43,9,0,2
BRDA:50,10,0,3
BRDA:51,11,0,2
BRDA:58,12,0,2
BRDA:59,13,0,1
BRF:14
BRH:13
end_of_record
TN:
SF:src/services/companiesService.ts
FN:9,CompaniesService
FN:11,listForCurrentUser
FN:15,getById
FNF:3
FNH:3
FNDA:11,CompaniesService
FNDA:3,listForCurrentUser
FNDA:8,getById
DA:1,1
DA:6,1
DA:8,1
DA:9,1
DA:11,1
DA:12,3
DA:13,3
DA:15,1
DA:16,8
DA:17,8
DA:18,5
DA:19,8
DA:20,8
DA:21,8
DA:22,3
DA:23,3
DA:24,2
DA:25,8
DA:26,1
LF:19
LH:19
BRDA:9,0,0,11
BRDA:11,1,0,3
BRDA:15,2,0,8
BRDA:17,3,0,3
BRDA:17,4,0,5
BRDA:19,5,0,1
BRDA:21,6,0,6
BRDA:21,7,0,3
BRDA:23,8,0,2
BRF:9
BRH:9
end_of_record
TN:
SF:src/services/rulesService.ts
FN:21,toInsertPayload
FN:34,toMutableFields
FN:47,patchToMutableFields
FN:63,RulesService
FN:65,list
FN:69,getById
FN:75,create
FN:79,replace
FN:85,patch
FN:98,remove
FNF:10
FNH:10
FNDA:7,toInsertPayload
FNDA:5,toMutableFields
FNDA:3,patchToMutableFields
FNDA:17,RulesService
FNDA:2,list
FNDA:4,getById
FNDA:7,create
FNDA:5,replace
FNDA:5,patch
FNDA:4,remove
DA:1,1
DA:11,1
DA:21,7
DA:22,7
DA:23,7
DA:24,7
DA:25,7
DA:26,7
DA:27,7
DA:28,7
DA:29,7
DA:30,7
DA:31,7
DA:32,7
DA:34,5
DA:35,5
DA:36,5
DA:37,5
DA:38,5
DA:39,5
DA:40,5
DA:41,5
DA:42,5
DA:43,5
DA:44,5
DA:45,5
DA:47,3
DA:48,3
DA:49,3
DA:50,3
DA:51,3
DA:52,3
DA:53,3
DA:54,3
DA:55,3
DA:56,3
DA:57,0
DA:58,0
DA:59,3
DA:60,3
DA:62,1
DA:63,1
DA:65,1
DA:66,2
DA:67,2
DA:69,1
DA:70,4
DA:71,4
DA:72,1
DA:73,4
DA:75,1
DA:76,7
DA:77,7
DA:79,1
DA:80,5
DA:81,5
DA:82,3
DA:83,5
DA:85,1
DA:86,5
DA:87,2
DA:88,2
DA:89,3
DA:90,5
DA:91,0
DA:92,0
DA:93,3
DA:94,5
DA:95,3
DA:96,5
DA:98,1
DA:99,4
DA:100,4
DA:101,4
DA:102,1
LF:75
LH:71
BRDA:21,0,0,7
BRDA:24,1,0,4
BRDA:26,2,0,3
BRDA:27,3,0,5
BRDA:28,4,0,4
BRDA:34,5,0,5
BRDA:37,6,0,4
BRDA:47,7,0,3
BRDA:49,8,0,0
BRDA:50,9,0,0
BRDA:51,10,0,0
BRDA:52,11,0,2
BRDA:52,12,0,0
BRDA:53,13,0,0
BRDA:54,14,0,0
BRDA:55,15,0,1
BRDA:56,16,0,0
BRDA:63,17,0,17
BRDA:65,18,0,2
BRDA:69,19,0,4
BRDA:71,20,0,3
BRDA:71,21,0,1
BRDA:75,22,0,7
BRDA:79,23,0,5
BRDA:81,24,0,4
BRDA:81,25,0,2
BRDA:81,26,0,3
BRDA:85,27,0,5
BRDA:86,28,0,4
BRDA:86,29,0,2
BRDA:88,30,0,3
BRDA:90,31,0,0
BRDA:92,32,0,3
BRDA:94,33,0,0
BRDA:94,34,0,3
BRDA:98,35,0,4
BRDA:100,36,0,2
BRF:37
BRH:28
end_of_record
TN:
SF:src/services/validation.ts
FN:4,requireNonEmptyString
FN:11,optionalString
FN:20,optionalNullableString
FN:25,optionalInt
FN:34,normalizeComparison
FN:49,normalizeStatus
FN:66,requireLastUpdatedBy
FNF:7
FNH:7
FNDA:14,requireNonEmptyString
FNDA:24,optionalString
FNDA:1,optionalNullableString
FNDA:25,optionalInt
FNDA:14,normalizeComparison
FNDA:15,normalizeStatus
FNDA:11,requireLastUpdatedBy
DA:1,1
DA:2,1
DA:4,1
DA:5,14
DA:6,3
DA:7,3
DA:8,11
DA:9,11
DA:11,1
DA:12,24
DA:13,18
DA:14,16
DA:15,1
DA:16,1
DA:17,4
DA:18,4
DA:20,1
DA:21,1
DA:22,1
DA:23,1
DA:25,1
DA:26,25
DA:27,25
DA:28,25
DA:29,1
DA:30,1
DA:31,5
DA:32,5
DA:34,1
DA:35,14
DA:36,8
DA:37,7
DA:38,7
DA:39,14
DA:40,0
DA:41,0
DA:42,6
DA:43,14
DA:44,1
DA:45,1
DA:46,5
DA:47,5
DA:49,1
DA:50,15
DA:51,4
DA:52,1
DA:53,1
DA:54,3
DA:55,3
DA:56,15
DA:57,0
DA:58,0
DA:59,11
DA:60,12
DA:61,2
DA:62,2
DA:63,9
DA:64,9
DA:66,1
DA:67,11
DA:68,7
DA:69,0
DA:70,0
DA:71,4
DA:72,11
DA:73,11
LF:66
LH:60
BRDA:4,0,0,14
BRDA:5,1,0,13
BRDA:5,2,0,13
BRDA:5,3,0,3
BRDA:7,4,0,11
BRDA:11,5,0,24
BRDA:12,6,0,11
BRDA:12,7,0,18
BRDA:12,8,0,13
BRDA:13,9,0,8
BRDA:13,10,0,16
BRDA:13,11,0,5
BRDA:14,12,0,13
BRDA:14,13,0,1
BRDA:16,14,0,4
BRDA:20,15,0,1
BRDA:21,16,0,0
BRDA:22,17,0,0
BRDA:25,18,0,25
BRDA:26,19,0,9
BRDA:26,20,0,16
BRDA:27,21,0,18
BRDA:27,22,0,10
BRDA:27,23,0,6
BRDA:28,24,0,23
BRDA:28,25,0,1
BRDA:30,26,0,5
BRDA:34,27,0,14
BRDA:35,28,0,11
BRDA:35,29,0,6
BRDA:35,30,0,8
BRDA:36,31,0,7
BRDA:36,32,0,1
BRDA:38,33,0,6
BRDA:39,34,0,0
BRDA:41,35,0,6
BRDA:43,36,0,11
BRDA:43,37,0,1
BRDA:45,38,0,5
BRDA:49,39,0,15
BRDA:50,40,0,11
BRDA:50,41,0,11
BRDA:50,42,0,4
BRDA:51,43,0,3
BRDA:51,44,0,1
BRDA:55,45,0,11
BRDA:56,46,0,0
BRDA:58,47,0,12
BRDA:58,48,0,11
BRDA:60,49,0,2
BRDA:62,50,0,9
BRDA:66,51,0,11
BRDA:67,52,0,4
BRDA:67,53,0,7
BRDA:67,54,0,4
BRDA:68,55,0,0
BRDA:70,56,0,4
BRDA:72,57,0,3
BRDA:72,58,0,1
BRF:59
BRH:54
end_of_record
TN:
SF:src/stores/DataStore.ts
FN:1,(empty-report)
FNF:1
FNH:1
FNDA:1,(empty-report)
LF:0
LH:0
BRDA:1,0,0,1
BRF:1
BRH:1
end_of_record
TN:
SF:src/stores/createStore.ts
FN:6,createDataStore
FNF:1
FNH:1
FNDA:4,createDataStore
DA:3,1
DA:4,1
DA:6,1
DA:7,4
DA:8,4
DA:15,4
DA:16,4
DA:17,1
DA:18,1
DA:19,3
DA:20,3
LF:11
LH:11
BRDA:6,0,0,4
BRDA:16,1,0,3
BRDA:16,2,0,1
BRF:3
BRH:3
end_of_record
TN:
SF:src/stores/databricksStore.ts
FN:12,createDatabricksStore
FN:22,ping
FNF:2
FNH:2
FNDA:3,createDatabricksStore
FNDA:2,ping
DA:1,1
DA:12,1
DA:13,3
DA:14,3
DA:15,3
DA:16,3
DA:17,3
DA:18,3
DA:20,3
DA:21,3
DA:22,3
DA:23,2
DA:24,1
DA:25,1
DA:26,1
DA:27,1
DA:28,1
DA:29,1
DA:30,1
DA:31,1
DA:32,1
DA:33,1
DA:34,1
DA:35,2
DA:36,0
DA:37,0
DA:38,0
DA:39,0
DA:40,0
DA:41,2
DA:42,3
DA:43,3
LF:32
LH:27
BRDA:12,0,0,3
BRDA:14,1,0,1
BRDA:15,2,0,1
BRDA:16,3,0,1
BRDA:17,4,0,1
BRDA:18,5,0,1
BRDA:22,6,0,2
BRDA:23,7,0,1
BRDA:35,8,0,0
BRF:9
BRH:8
end_of_record
TN:
SF:src/stores/memoryStore.ts
FN:6,createMemoryStore
FN:9,ping
FNF:2
FNH:2
FNDA:6,createMemoryStore
FNDA:2,ping
DA:6,1
DA:7,6
DA:8,6
DA:9,6
DA:10,2
DA:11,2
DA:12,6
DA:13,6
LF:8
LH:8
BRDA:6,0,0,6
BRDA:9,1,0,2
BRF:2
BRH:2
end_of_record
TN:
SF:src/types/baseApiModel.ts
FN:14,<instance_members_initializer>
FN:20,BaseApiModel
FNF:2
FNH:2
FNDA:44,<instance_members_initializer>
FNDA:44,BaseApiModel
DA:14,1
DA:15,44
DA:16,44
DA:17,44
DA:18,44
DA:20,44
DA:21,44
DA:22,44
DA:23,44
DA:24,44
DA:25,44
DA:26,44
LF:12
LH:12
BRDA:14,0,0,44
BRDA:20,1,0,44
BRF:2
BRH:2
end_of_record
TN:
SF:src/types/company.ts
FN:32,<instance_members_initializer>
FN:61,Company
FNF:2
FNH:2
FNDA:43,<instance_members_initializer>
FNDA:43,Company
DA:32,1
DA:33,43
DA:34,43
DA:35,43
DA:36,43
DA:37,43
DA:38,43
DA:39,43
DA:40,43
DA:41,43
DA:42,43
DA:43,43
DA:44,43
DA:45,43
DA:46,43
DA:47,43
DA:48,43
DA:49,43
DA:50,43
DA:51,43
DA:52,43
DA:53,43
DA:54,43
DA:55,43
DA:56,43
DA:57,43
DA:58,43
DA:59,43
DA:61,43
DA:62,43
DA:63,43
DA:64,43
DA:65,43
DA:66,43
DA:67,43
DA:68,43
DA:69,43
DA:70,43
DA:71,43
DA:72,43
DA:73,43
DA:74,43
DA:75,43
DA:76,43
DA:77,43
DA:78,43
DA:79,43
DA:80,43
DA:81,43
DA:82,43
DA:83,43
DA:84,43
DA:85,43
DA:86,43
DA:87,43
DA:88,43
DA:89,43
DA:90,43
LF:58
LH:58
BRDA:32,0,0,43
BRDA:61,1,0,43
BRF:2
BRH:2
end_of_record
TN:
SF:src/types/rule.ts
FN:21,<instance_members_initializer>
FN:30,Rule
FNF:2
FNH:2
FNDA:43,<instance_members_initializer>
FNDA:43,Rule
DA:1,1
DA:3,1
DA:7,1
DA:21,1
DA:22,43
DA:23,43
DA:24,43
DA:25,43
DA:26,43
DA:27,43
DA:28,43
DA:30,43
DA:31,43
DA:32,43
DA:33,43
DA:34,43
DA:35,43
DA:36,43
DA:37,43
DA:38,43
DA:39,43
DA:40,43
LF:22
LH:22
BRDA:21,0,0,43
BRDA:30,1,0,43
BRF:2
BRH:2
end_of_record
TN:
SF:src/utils/parseEntityId.ts
FN:3,parseEntityId
FNF:1
FNH:1
FNDA:16,parseEntityId
DA:1,1
DA:3,1
DA:4,16
DA:5,16
DA:6,4
DA:7,4
DA:8,12
DA:9,12
LF:8
LH:8
BRDA:3,0,0,16
BRDA:5,1,0,13
BRDA:5,2,0,4
BRDA:7,3,0,12
BRF:4
BRH:4
end_of_record
TN:
SF:src/utils/timestamps.ts
FN:3,nowTimestamp
FNF:1
FNH:1
FNDA:11,nowTimestamp
DA:3,1
DA:4,11
DA:5,11
LF:3
LH:3
BRDA:3,0,0,11
BRF:1
BRH:1
end_of_record
